<?xml version="1.0" encoding="UTF-8"?>
<!-- Generated by org.testng.reporters.JUnitReportReporter -->
<testsuite hostname="LAPTOP-OB9VH4BF" failures="0" tests="1" name="Package1.WriteTest" time="0.074" errors="0" timestamp="2025-04-06T18:25:28 IST" skipped="0">
  <testcase classname="Package1.WriteTest" name="ReadTest" time="0.074"/>
</testsuite> <!-- Package1.WriteTest -->
